\BOOKMARK [1][-]{section.1}{\376\377\000I\000n\000t\000r\000o\000d\000u\000c\000t\000i\000o\000n}{}% 1
\BOOKMARK [1][-]{section.2}{\376\377\000L\000i\000t\000e\000r\000a\000t\000u\000r\000e\000\040\000r\000e\000v\000i\000e\000w}{}% 2
\BOOKMARK [1][-]{section.3}{\376\377\000D\000a\000t\000a}{}% 3
\BOOKMARK [1][-]{section.4}{\376\377\000M\000e\000t\000h\000o\000d\000o\000l\000o\000g\000y}{}% 4
\BOOKMARK [2][-]{subsection.4.1}{\376\377\000V\000e\000c\000t\000o\000r\000\040\000A\000u\000t\000o\000r\000e\000g\000r\000e\000s\000s\000i\000o\000n}{section.4}% 5
\BOOKMARK [2][-]{subsection.4.2}{\376\377\000D\000e\000e\000p\000\040\000V\000e\000c\000t\000o\000r\000\040\000A\000u\000t\000o\000r\000e\000g\000r\000e\000s\000s\000i\000o\000n}{section.4}% 6
\BOOKMARK [2][-]{subsection.4.3}{\376\377\000D\000e\000e\000p\000\040\000N\000e\000u\000r\000a\000l\000\040\000N\000e\000t\000w\000o\000r\000k\000s\000\040\000-\000\040\000a\000\040\000w\000h\000i\000s\000t\000l\000e\000-\000s\000t\000o\000p\000\040\000t\000o\000u\000r}{section.4}% 7
\BOOKMARK [3][-]{subsubsection.4.3.1}{\376\377\000D\000e\000e\000p\000\040\000F\000e\000e\000d\000f\000o\000r\000w\000a\000r\000d\000\040\000N\000e\000u\000r\000a\000l\000\040\000N\000e\000t\000w\000o\000r\000k\000s}{subsection.4.3}% 8
\BOOKMARK [3][-]{subsubsection.4.3.2}{\376\377\000D\000e\000e\000p\000\040\000R\000e\000c\000u\000r\000r\000e\000n\000t\000\040\000N\000e\000u\000r\000a\000l\000\040\000N\000e\000t\000w\000o\000r\000k\000s}{subsection.4.3}% 9
\BOOKMARK [2][-]{subsection.4.4}{\376\377\000M\000o\000d\000e\000l\000\040\000s\000e\000l\000e\000c\000t\000i\000o\000n}{section.4}% 10
\BOOKMARK [3][-]{subsubsection.4.4.1}{\376\377\000S\000t\000a\000t\000i\000o\000n\000a\000r\000i\000t\000y}{subsection.4.4}% 11
\BOOKMARK [3][-]{subsubsection.4.4.2}{\376\377\000L\000a\000g\000\040\000o\000r\000d\000e\000r}{subsection.4.4}% 12
\BOOKMARK [3][-]{subsubsection.4.4.3}{\376\377\000N\000e\000u\000r\000a\000l\000\040\000N\000e\000t\000w\000o\000r\000k\000\040\000A\000r\000c\000h\000i\000t\000e\000c\000t\000u\000r\000e}{subsection.4.4}% 13
\BOOKMARK [1][-]{section.5}{\376\377\000E\000m\000p\000i\000r\000i\000c\000a\000l\000\040\000r\000e\000s\000u\000l\000t\000s}{}% 14
\BOOKMARK [2][-]{subsection.5.1}{\376\377\000I\000n\000-\000s\000a\000m\000p\000l\000e\000\040\000f\000i\000t}{section.5}% 15
\BOOKMARK [2][-]{subsection.5.2}{\376\377\000O\000u\000t\000-\000o\000f\000-\000s\000a\000m\000p\000l\000e\000\040\000f\000i\000t}{section.5}% 16
\BOOKMARK [2][-]{subsection.5.3}{\376\377\000F\000o\000r\000e\000c\000a\000s\000t\000s}{section.5}% 17
\BOOKMARK [2][-]{subsection.5.4}{\376\377\000V\000a\000r\000y\000i\000n\000g\000\040\000h\000y\000p\000e\000r\000p\000a\000r\000a\000m\000e\000t\000e\000r\000s}{section.5}% 18
\BOOKMARK [3][-]{subsubsection.5.4.1}{\376\377\000T\000u\000n\000i\000n\000g\000\040\000t\000h\000e\000\040\000D\000e\000e\000p\000\040\000V\000A\000R}{subsection.5.4}% 19
\BOOKMARK [3][-]{subsubsection.5.4.2}{\376\377\000B\000e\000n\000c\000h\000m\000a\000r\000k}{subsection.5.4}% 20
\BOOKMARK [1][-]{section.6}{\376\377\000C\000a\000v\000e\000a\000t\000s\000\040\000a\000n\000d\000\040\000e\000x\000t\000e\000n\000s\000i\000o\000n\000s}{}% 21
\BOOKMARK [1][-]{section.7}{\376\377\000C\000o\000n\000c\000l\000u\000s\000i\000o\000n\000s}{}% 22
\BOOKMARK [1][-]{section*.1}{\376\377\000R\000e\000f\000e\000r\000e\000n\000c\000e\000s}{}% 23
\BOOKMARK [1][-]{appendix.A}{\376\377\000T\000a\000b\000l\000e\000s}{}% 24
\BOOKMARK [1][-]{appendix.B}{\376\377\000F\000i\000g\000u\000r\000e\000s}{}% 25
\BOOKMARK [1][-]{appendix.C}{\376\377\000C\000o\000d\000e\000\040\000a\000n\000d\000\040\000P\000a\000c\000k\000a\000g\000e}{}% 26
